<?xml version="1.0" encoding="UTF-8"?>
<!-- Generated by org.testng.reporters.JUnitXMLReporter -->
<testsuite ignored="16" hostname="DESKTOP-IG79IBO" failures="1" tests="11" name="Test" time="85.839" errors="0" timestamp="2023-07-11T15:34:27 IST">
  <testcase classname="com.testcase.Sign_In_Testcase" name="sign_In_Fun" time="0.235"/>
  <testcase classname="com.testcase.Testcase_Cusomer_Sales" name="customer_page" time="6.371"/>
  <testcase classname="com.testcase.Invoice_Testcase" name="invoice_page" time="7.16"/>
  <testcase classname="com.testcase.Item_Testcase" name="item_Page" time="2.673"/>
  <testcase classname="com.testcase.Payment_Received_Testcase" name="payment_Received_Page" time="25.963"/>
  <testcase classname="com.testcase.Employee_Testcase" name="employee_Page" time="5.035"/>
  <testcase classname="com.testcase.Employee_Testcase" name="payment_Deduction" time="23.531">
    <failure type="org.openqa.selenium.NoSuchElementException" message="no such element: Unable to locate element: {&amp;quot;method&amp;quot;:&amp;quot;xpath&amp;quot;,&amp;quot;selector&amp;quot;:&amp;quot;(//span[@class=&amp;apos;select2-selection select2-selection--single&amp;apos;])[2]&amp;quot;}
  (Session info: chrome=114.0.5735.199)
For documentation on this error, please visit: https://selenium.dev/exceptions/#no_such_element
Build info: version: &amp;apos;4.9.1&amp;apos;, revision: &amp;apos;eb2032df7f&amp;apos;
System info: os.name: &amp;apos;Windows 11&amp;apos;, os.arch: &amp;apos;amd64&amp;apos;, os.version: &amp;apos;10.0&amp;apos;, java.version: &amp;apos;11.0.18&amp;apos;
Driver info: org.openqa.selenium.chrome.ChromeDriver
Command: [ecff43d7fed8d7a868152c0d3e5f28f6, findElement {using=xpath, value=(//span[@class=&amp;apos;select2-selection select2-selection--single&amp;apos;])[2]}]
Capabilities {acceptInsecureCerts: false, browserName: chrome, browserVersion: 114.0.5735.199, chrome: {chromedriverVersion: 114.0.5735.90 (386bc09e8f4f..., userDataDir: C:\Users\ADMIN\AppData\Loca...}, goog:chromeOptions: {debuggerAddress: localhost:64386}, networkConnectionEnabled: false, pageLoadStrategy: normal, platformName: windows, proxy: Proxy(), se:cdp: ws://localhost:64386/devtoo..., se:cdpVersion: 114.0.5735.199, setWindowRect: true, strictFileInteractability: false, timeouts: {implicit: 0, pageLoad: 300000, script: 30000}, unhandledPromptBehavior: dismiss and notify, webauthn:extension:credBlob: true, webauthn:extension:largeBlob: true, webauthn:extension:minPinLength: true, webauthn:extension:prf: true, webauthn:virtualAuthenticators: true}
Session ID: ecff43d7fed8d7a868152c0d3e5f28f6">
      <![CDATA[org.openqa.selenium.NoSuchElementException: no such element: Unable to locate element: {"method":"xpath","selector":"(//span[@class='select2-selection select2-selection--single'])[2]"}
  (Session info: chrome=114.0.5735.199)
For documentation on this error, please visit: https://selenium.dev/exceptions/#no_such_element
Build info: version: '4.9.1', revision: 'eb2032df7f'
System info: os.name: 'Windows 11', os.arch: 'amd64', os.version: '10.0', java.version: '11.0.18'
Driver info: org.openqa.selenium.chrome.ChromeDriver
Command: [ecff43d7fed8d7a868152c0d3e5f28f6, findElement {using=xpath, value=(//span[@class='select2-selection select2-selection--single'])[2]}]
Capabilities {acceptInsecureCerts: false, browserName: chrome, browserVersion: 114.0.5735.199, chrome: {chromedriverVersion: 114.0.5735.90 (386bc09e8f4f..., userDataDir: C:\Users\ADMIN\AppData\Loca...}, goog:chromeOptions: {debuggerAddress: localhost:64386}, networkConnectionEnabled: false, pageLoadStrategy: normal, platformName: windows, proxy: Proxy(), se:cdp: ws://localhost:64386/devtoo..., se:cdpVersion: 114.0.5735.199, setWindowRect: true, strictFileInteractability: false, timeouts: {implicit: 0, pageLoad: 300000, script: 30000}, unhandledPromptBehavior: dismiss and notify, webauthn:extension:credBlob: true, webauthn:extension:largeBlob: true, webauthn:extension:minPinLength: true, webauthn:extension:prf: true, webauthn:virtualAuthenticators: true}
Session ID: ecff43d7fed8d7a868152c0d3e5f28f6
at org.openqa.selenium.remote.codec.w3c.W3CHttpResponseCodec.createException(W3CHttpResponseCodec.java:200)
at org.openqa.selenium.remote.codec.w3c.W3CHttpResponseCodec.decode(W3CHttpResponseCodec.java:133)
at org.openqa.selenium.remote.codec.w3c.W3CHttpResponseCodec.decode(W3CHttpResponseCodec.java:53)
at org.openqa.selenium.remote.HttpCommandExecutor.execute(HttpCommandExecutor.java:193)
at org.openqa.selenium.remote.service.DriverCommandExecutor.invokeExecute(DriverCommandExecutor.java:183)
at org.openqa.selenium.remote.service.DriverCommandExecutor.execute(DriverCommandExecutor.java:158)
at org.openqa.selenium.remote.RemoteWebDriver.execute(RemoteWebDriver.java:543)
at org.openqa.selenium.remote.ElementLocation$ElementFinder$2.findElement(ElementLocation.java:162)
at org.openqa.selenium.remote.ElementLocation.findElement(ElementLocation.java:60)
at org.openqa.selenium.remote.RemoteWebDriver.findElement(RemoteWebDriver.java:352)
at org.openqa.selenium.remote.RemoteWebDriver.findElement(RemoteWebDriver.java:344)
at org.openqa.selenium.support.pagefactory.DefaultElementLocator.findElement(DefaultElementLocator.java:70)
at org.openqa.selenium.support.pagefactory.internal.LocatingElementHandler.invoke(LocatingElementHandler.java:39)
at com.sun.proxy.$Proxy13.click(Unknown Source)
at com.testcase.Employee_Testcase.payment_Deduction(Employee_Testcase.java:73)
at java.base/java.util.ArrayList.forEach(ArrayList.java:1541)
... Removed 35 stack frames]]>
    </failure>
  </testcase> <!-- payment_Deduction -->
  <testcase classname="com.testcase.Employee_Testcase" name="pay_Roll" time="8.91"/>
  <testcase classname="com.testcase.Expense_Testcase" name="expense_All_Page" time="5.164"/>
  <testcase classname="com.testcase.Daybook_Testcase" name="daybook_page" time="0.309"/>
  <testcase classname="com.testcase.Report_Testcase" name="report_page" time="0.442"/>
  <testcase classname="com.main.Main_Iceplant" name="@AfterSuite browser_Quit" time="0.0">
    <ignored/>
  </testcase> <!-- @AfterSuite browser_Quit -->
  <testcase classname="com.main.Main_Iceplant" name="@BeforeSuite browser_Launch" time="0.0">
    <ignored/>
  </testcase> <!-- @BeforeSuite browser_Launch -->
  <testcase classname="com.main.Main_Iceplant" name="@BeforeSuite browser_Launch" time="0.0">
    <ignored/>
  </testcase> <!-- @BeforeSuite browser_Launch -->
  <testcase classname="com.main.Main_Iceplant" name="@BeforeSuite browser_Launch" time="0.0">
    <ignored/>
  </testcase> <!-- @BeforeSuite browser_Launch -->
  <testcase classname="com.main.Main_Iceplant" name="@BeforeSuite browser_Launch" time="0.0">
    <ignored/>
  </testcase> <!-- @BeforeSuite browser_Launch -->
  <testcase classname="com.main.Main_Iceplant" name="@BeforeSuite browser_Launch" time="0.0">
    <ignored/>
  </testcase> <!-- @BeforeSuite browser_Launch -->
  <testcase classname="com.main.Main_Iceplant" name="@AfterSuite browser_Quit" time="0.0">
    <ignored/>
  </testcase> <!-- @AfterSuite browser_Quit -->
  <testcase classname="com.main.Main_Iceplant" name="@BeforeSuite browser_Launch" time="0.0">
    <ignored/>
  </testcase> <!-- @BeforeSuite browser_Launch -->
  <testcase classname="com.main.Main_Iceplant" name="@BeforeSuite browser_Launch" time="0.0">
    <ignored/>
  </testcase> <!-- @BeforeSuite browser_Launch -->
  <testcase classname="com.main.Main_Iceplant" name="@BeforeSuite browser_Launch" time="0.0">
    <ignored/>
  </testcase> <!-- @BeforeSuite browser_Launch -->
  <testcase classname="com.main.Main_Iceplant" name="@AfterSuite browser_Quit" time="0.0">
    <ignored/>
  </testcase> <!-- @AfterSuite browser_Quit -->
  <testcase classname="com.main.Main_Iceplant" name="@AfterSuite browser_Quit" time="0.0">
    <ignored/>
  </testcase> <!-- @AfterSuite browser_Quit -->
  <testcase classname="com.main.Main_Iceplant" name="@AfterSuite browser_Quit" time="0.0">
    <ignored/>
  </testcase> <!-- @AfterSuite browser_Quit -->
  <testcase classname="com.main.Main_Iceplant" name="@AfterSuite browser_Quit" time="0.0">
    <ignored/>
  </testcase> <!-- @AfterSuite browser_Quit -->
  <testcase classname="com.main.Main_Iceplant" name="@AfterSuite browser_Quit" time="0.0">
    <ignored/>
  </testcase> <!-- @AfterSuite browser_Quit -->
  <testcase classname="com.main.Main_Iceplant" name="@AfterSuite browser_Quit" time="0.0">
    <ignored/>
  </testcase> <!-- @AfterSuite browser_Quit -->
</testsuite> <!-- Test -->
